MFT Entry Header Values:
Entry: 64        Sequence: 1
$LogFile Sequence Number: 0
Allocated File
Links: 1

$STANDARD_INFORMATION Attribute Values:
Flags: Archive
Owner ID: 0
Created:	2017-04-07 19:04:24.577035500 (EDT)
File Modified:	2017-04-07 19:04:24.577235600 (EDT)
MFT Modified:	2017-04-07 19:04:24.577235600 (EDT)
Accessed:	2017-04-07 19:04:24.577035500 (EDT)

$FILE_NAME Attribute Values:
Flags: Archive
Name: lorem_ipsum.txt
Parent MFT Entry: 5 	Sequence: 5
Allocated Size: 624   	Actual Size: 0
Created:	2017-04-07 19:04:24.577035500 (EDT)
File Modified:	2017-04-07 19:04:24.577035500 (EDT)
MFT Modified:	2017-04-07 19:04:24.577035500 (EDT)
Accessed:	2017-04-07 19:04:24.577035500 (EDT)

Attributes: 
Type: $STANDARD_INFORMATION (16-0)   Name: N/A   Resident   size: 48
Type: $FILE_NAME (48-3)   Name: N/A   Resident   size: 96
Type: $DATA (128-2)   Name: N/A   Resident   size: 622
