MFT Entry Header Values:
Entry: 69        Sequence: 1
$LogFile Sequence Number: 0
Allocated File
Links: 1

$STANDARD_INFORMATION Attribute Values:
Flags: Archive
Owner ID: 0
Created:	2017-04-07 19:04:24.869138800 (EDT)
File Modified:	2017-04-07 19:04:24.925274100 (EDT)
MFT Modified:	2017-04-07 19:04:24.925274100 (EDT)
Accessed:	2017-04-07 19:04:24.869138800 (EDT)

$FILE_NAME Attribute Values:
Flags: Archive
Name: editor.png
Parent MFT Entry: 66 	Sequence: 1
Allocated Size: 84992   	Actual Size: 0
Created:	2017-04-07 19:04:24.869138800 (EDT)
File Modified:	2017-04-07 19:04:24.869138800 (EDT)
MFT Modified:	2017-04-07 19:04:24.869138800 (EDT)
Accessed:	2017-04-07 19:04:24.869138800 (EDT)

Attributes: 
Type: $STANDARD_INFORMATION (16-0)   Name: N/A   Resident   size: 48
Type: $FILE_NAME (48-3)   Name: N/A   Resident   size: 86
Type: $DATA (128-2)   Name: N/A   Non-Resident   size: 84499  init_size: 84499
2099 2100 2101 2102 2103 2104 2105 2106 
2107 2108 2109 2110 2111 2112 2113 2114 
2115 2116 2117 2118 2119 2120 2121 2122 
2123 2124 2125 2126 2127 2128 2129 2130 
2131 2132 2133 2134 2135 2136 2137 2138 
2139 2140 2141 2142 2143 2144 2145 2146 
2147 2148 2149 2150 2151 2152 2153 2154 
7678 7679 7680 7681 7682 7683 7684 7685 
7686 7687 7688 7689 7690 7691 7692 7693 
7694 7695 7696 7697 7698 7699 7700 7701 
7702 7703 7704 
