MFT Entry Header Values:
Entry: 64        Sequence: 1
$LogFile Sequence Number: 0
Allocated File
Links: 1

$STANDARD_INFORMATION Attribute Values:
Flags: Archive
Owner ID: 0
Created:	2017-03-20 14:11:20.414798700 (EDT)
File Modified:	2017-03-20 14:11:20.414892300 (EDT)
MFT Modified:	2017-03-20 14:11:20.414892300 (EDT)
Accessed:	2017-03-20 14:11:20.414798700 (EDT)

$FILE_NAME Attribute Values:
Flags: Archive
Name: testing.txt
Parent MFT Entry: 5 	Sequence: 5
Allocated Size: 16   	Actual Size: 0
Created:	2017-03-20 14:11:20.414798700 (EDT)
File Modified:	2017-03-20 14:11:20.414798700 (EDT)
MFT Modified:	2017-03-20 14:11:20.414798700 (EDT)
Accessed:	2017-03-20 14:11:20.414798700 (EDT)

Attributes: 
Type: $STANDARD_INFORMATION (16-0)   Name: N/A   Resident   size: 48
Type: $FILE_NAME (48-3)   Name: N/A   Resident   size: 88
Type: $DATA (128-2)   Name: N/A   Resident   size: 9
